2023-08-18 09:28:32,761 INFO  - Đăng nhập wifi thành công: idUser=hungphan, thời gian=2023-08-18 09:28:32
2023-08-18 09:28:34,359 INFO  - Đăng nhập wifi thành công: idUser=hungphan, thời gian=2023-08-18 09:28:34
2023-08-18 09:28:35,682 INFO  - Đăng nhập wifi thành công: idUser=hungphan, thời gian=2023-08-18 09:28:35
2023-08-18 09:28:36,763 INFO  - Đăng nhập wifi thành công: idUser=hungphan, thời gian=2023-08-18 09:28:36
2023-08-18 09:28:37,922 INFO  - Đăng nhập wifi thành công: idUser=hungphan, thời gian=2023-08-18 09:28:37
2023-08-18 09:28:38,973 INFO  - Đăng nhập wifi thành công: idUser=hungphan, thời gian=2023-08-18 09:28:38
2023-08-18 09:28:39,983 INFO  - Đăng nhập wifi thành công: idUser=hungphan, thời gian=2023-08-18 09:28:39
2023-08-18 09:28:41,000 INFO  - Đăng nhập wifi thành công: idUser=hungphan, thời gian=2023-08-18 09:28:41
2023-08-18 09:28:41,614 INFO  - Đăng nhập wifi thành công: idUser=hungphan, thời gian=2023-08-18 09:28:41
2023-08-18 09:28:42,181 INFO  - Đăng nhập wifi thành công: idUser=hungphan, thời gian=2023-08-18 09:28:42
2023-08-18 09:28:42,710 INFO  - Đăng nhập wifi thành công: idUser=hungphan, thời gian=2023-08-18 09:28:42
2023-08-18 09:28:43,172 INFO  - Đăng nhập wifi thành công: idUser=hungphan, thời gian=2023-08-18 09:28:43
2023-08-18 09:28:43,715 INFO  - Đăng nhập wifi thành công: idUser=hungphan, thời gian=2023-08-18 09:28:43
2023-08-18 09:28:44,216 INFO  - Đăng nhập wifi thành công: idUser=hungphan, thời gian=2023-08-18 09:28:44
2023-08-18 10:44:43,192 INFO  - Đăng nhập hệ thống thành công: idUser=hungphan, thời gian=2023-08-18 10:44:43
2023-08-18 13:39:13,002 INFO  - Đăng nhập wifi thành công: idUser=hellocuteo, thời gian=2023-08-18 13:39:12
2023-08-18 13:39:31,332 INFO  - Đăng nhập wifi thành công: idUser=cubeo012, thời gian=2023-08-18 13:39:31
2023-08-18 13:39:43,509 INFO  - Đăng nhập wifi thành công: idUser=hungphan, thời gian=2023-08-18 13:39:43
2023-08-18 13:39:54,900 INFO  - Đăng nhập wifi thành công: idUser=nguyenvanan, thời gian=2023-08-18 13:39:54
2023-08-18 13:50:34,946 INFO  - Đăng nhập hệ thống thành công: idUser=nguyenvanan, thời gian=2023-08-18 13:50:34
2023-08-18 13:51:39,315 INFO  - Đăng nhập hệ thống thành công: idUser=hungphan, thời gian=2023-08-18 13:51:39
2023-08-18 13:52:00,316 INFO  - Đăng nhập hệ thống thành công: idUser=hungphan, thời gian=2023-08-18 13:52:00
2023-08-18 13:54:49,470 INFO  - Đăng nhập hệ thống thành công: idUser=hungphan, thời gian=2023-08-18 13:54:49
2023-08-18 13:55:03,898 INFO  - Đăng nhập hệ thống thành công: idUser=hungphan, thời gian=2023-08-18 13:55:03
2023-08-18 13:55:05,640 INFO  - Đăng nhập hệ thống thành công: idUser=hungphan, thời gian=2023-08-18 13:55:05
2023-08-18 13:56:46,598 INFO  - Đăng nhập wifi thành công: idUser=nguyenvanan, thời gian=2023-08-18 13:56:46
2023-08-18 13:56:51,694 INFO  - Đăng nhập hệ thống thành công: idUser=hungphan, thời gian=2023-08-18 13:56:51
2023-08-18 14:16:28,632 INFO  - Đăng nhập hệ thống thành công: idUser=hungphan, thời gian=2023-08-18 14:16:28
2023-08-18 14:23:06,709 INFO  - Đăng nhập hệ thống thành công: idUser=hellocuteo, thời gian=2023-08-18 14:23:06
2023-08-18 14:29:07,675 INFO  - Đăng nhập wifi thành công: idUser=nguyenvanan, thời gian=2023-08-18 14:29:07
2023-08-18 14:30:29,069 INFO  - Đăng nhập hệ thống thành công: idUser=hungphan, thời gian=2023-08-18 14:30:29
2023-08-18 14:30:55,445 INFO  - Đăng nhập hệ thống thành công: idUser=hellocuteo, thời gian=2023-08-18 14:30:55
2023-08-18 14:36:49,271 INFO  - Đăng nhập wifi thành công: idUser=nguyenvanan, thời gian=2023-08-18 14:36:49
2023-08-18 14:49:52,568 INFO  - Đăng nhập wifi thành công: idUser=nguyenvanan, thời gian=2023-08-18 14:49:52
2023-08-18 14:57:53,444 INFO  - Đăng nhập hệ thống thành công: idUser=hellocuteo, thời gian=2023-08-18 14:57:53
2023-08-18 14:58:23,996 INFO  - Đăng nhập hệ thống thành công: idUser=hungphan, thời gian=2023-08-18 14:58:23
2023-08-18 14:58:38,650 INFO  - Đăng nhập hệ thống thành công: idUser=hellocuteo, thời gian=2023-08-18 14:58:38
2023-08-18 14:58:53,308 INFO  - Đăng nhập hệ thống thành công: idUser=cubeo012, thời gian=2023-08-18 14:58:53
2023-08-18 15:08:12,526 INFO  - Đăng nhập hệ thống thành công: idUser=hungphan, thời gian=2023-08-18 15:08:12
2023-08-18 15:08:52,972 INFO  - Đăng nhập hệ thống thành công: idUser=nguyenvanan, thời gian=2023-08-18 15:08:52
2023-08-18 15:09:11,130 INFO  - Đăng nhập wifi thành công: idUser=nguyenvanan, thời gian=2023-08-18 15:09:11
2023-08-18 15:09:21,436 INFO  - Đăng nhập wifi thành công: idUser=hellocuteo, thời gian=2023-08-18 15:09:21
2023-08-18 15:09:45,153 INFO  - Đăng nhập hệ thống thành công: idUser=nguyenvanan, thời gian=2023-08-18 15:09:45
2023-08-18 16:27:44,360 INFO  - Đăng nhập hệ thống thành công: idUser=nguyenvanan, thời gian=2023-08-18 16:27:44
2023-08-18 16:32:41,755 INFO  - Đăng nhập hệ thống thành công: idUser=nguyenvanan, thời gian=2023-08-18 16:32:41
2023-08-18 16:41:05,707 INFO  - Đăng nhập hệ thống thành công: idUser=hungphan, thời gian=2023-08-18 16:41:05
2023-08-18 16:42:21,046 INFO  - Đăng nhập hệ thống thành công: idUser=nguyenvanan, thời gian=2023-08-18 16:42:21
2023-08-18 16:43:21,019 INFO  - Đăng nhập hệ thống thành công: idUser=nguyenvanan, thời gian=2023-08-18 16:43:21
2023-08-18 16:43:22,092 INFO  - Đăng nhập hệ thống thành công: idUser=nguyenvanan, thời gian=2023-08-18 16:43:22
2023-08-18 16:43:22,499 INFO  - Đăng nhập hệ thống thành công: idUser=nguyenvanan, thời gian=2023-08-18 16:43:22
2023-08-18 16:44:13,308 INFO  - Đăng nhập hệ thống thành công: idUser=hungphan, thời gian=2023-08-18 16:44:13
2023-08-18 16:45:29,574 INFO  - Đăng nhập hệ thống thành công: idUser=nguyenvanan, thời gian=2023-08-18 16:45:29
2023-08-18 16:46:28,844 INFO  - Đăng nhập wifi thành công: idUser=hellocuteo, thời gian=2023-08-18 16:46:28
2023-08-18 16:49:29,640 INFO  - Đăng nhập wifi thành công: idUser=hellocuteo, thời gian=2023-08-18 16:49:29
2023-08-18 16:55:15,787 INFO  - Đăng nhập wifi thành công: idUser=hellocuteo, thời gian=2023-08-18 16:55:15
2023-08-18 16:57:37,823 INFO  - Đăng nhập wifi thành công: idUser=hellocuteo, thời gian=2023-08-18 16:57:37
2023-08-18 17:00:01,564 INFO  - Đăng nhập wifi thành công: idUser=hellocuteo, thời gian=2023-08-18 17:00:01
2023-08-18 17:02:39,235 INFO  - Đăng nhập wifi thành công: idUser=hellocuteo, thời gian=2023-08-18 17:02:39
2023-08-18 17:03:51,315 INFO  - Đăng nhập wifi thành công: idUser=hellocuteo, thời gian=2023-08-18 17:03:51
