2023-08-08 14:38:01,697  ERROR  - Lỗi xảy ra trong quá trình xử lý: {}
java.lang.ArithmeticException: / by zero
	at com.example.demo.controller.TestErrorLogger.testErrorLog(TestErrorLogger.java:21)

2023-08-08 14:39:24,663  ERROR  - Lỗi Hibernate: org.hibernate.hql.internal.ast.QuerySyntaxException: NonExistingEntity is not mapped [SELECT t FROM NonExistingEntity t]
java.lang.IllegalArgumentException: org.hibernate.hql.internal.ast.QuerySyntaxException: NonExistingEntity is not mapped [SELECT t FROM NonExistingEntity t]
Caused by: org.hibernate.hql.internal.ast.QuerySyntaxException: NonExistingEntity is not mapped [SELECT t FROM NonExistingEntity t]
Caused by: org.hibernate.hql.internal.ast.QuerySyntaxException: NonExistingEntity is not mapped

2023-08-08 14:39:24,668  ERROR  - Lỗi toàn cục: Transaction silently rolled back because it has been marked as rollback-only
org.springframework.transaction.UnexpectedRollbackException: Transaction silently rolled back because it has been marked as rollback-only

2023-08-08 16:40:48,172  ERROR  - Lỗi Hibernate: org.hibernate.hql.internal.ast.QuerySyntaxException: NonExistingEntity is not mapped [SELECT t FROM NonExistingEntity t]
java.lang.IllegalArgumentException: org.hibernate.hql.internal.ast.QuerySyntaxException: NonExistingEntity is not mapped [SELECT t FROM NonExistingEntity t]
Caused by: org.hibernate.hql.internal.ast.QuerySyntaxException: NonExistingEntity is not mapped [SELECT t FROM NonExistingEntity t]
Caused by: org.hibernate.hql.internal.ast.QuerySyntaxException: NonExistingEntity is not mapped

2023-08-08 16:40:48,225  ERROR  - Lỗi toàn cục: Transaction silently rolled back because it has been marked as rollback-only
org.springframework.transaction.UnexpectedRollbackException: Transaction silently rolled back because it has been marked as rollback-only

2023-08-09 10:55:49,904  ERROR  - Lỗi toàn cục: Content type 'text/plain;charset=UTF-8' not supported
org.springframework.web.HttpMediaTypeNotSupportedException: Content type 'text/plain;charset=UTF-8' not supported

2023-08-09 10:56:16,864  ERROR  - Lỗi Hibernate: org.hibernate.hql.internal.ast.QuerySyntaxException: NonExistingEntity is not mapped [SELECT t FROM NonExistingEntity t]
java.lang.IllegalArgumentException: org.hibernate.hql.internal.ast.QuerySyntaxException: NonExistingEntity is not mapped [SELECT t FROM NonExistingEntity t]
Caused by: org.hibernate.hql.internal.ast.QuerySyntaxException: NonExistingEntity is not mapped [SELECT t FROM NonExistingEntity t]
Caused by: org.hibernate.hql.internal.ast.QuerySyntaxException: NonExistingEntity is not mapped


2023-08-09 16:46:32,016  ERROR  - Lỗi toàn cục: The driver executable does not exist: C:\Users\hungp\Downloads\chromedriver_win64\chromedriver.exe

java.lang.IllegalStateException: The driver executable does not exist: C:\Users\hungp\Downloads\chromedriver_win64\chromedriver.exe
2023-08-09 16:46:40,344  ERROR  - Lỗi toàn cục: The driver executable does not exist: C:\Users\hungp\Downloads\chromedriver_win64\chromedriver.exe

java.lang.IllegalStateException: The driver executable does not exist: C:\Users\hungp\Downloads\chromedriver_win64\chromedriver.exe
2023-08-10 09:00:57,613  ERROR  - Lỗi toàn cục: Request method 'GET' not supported

org.springframework.web.HttpRequestMethodNotSupportedException: Request method 'GET' not supported
2023-08-10 09:37:31,017  ERROR  - Lỗi toàn cục: Request method 'GET' not supported

org.springframework.web.HttpRequestMethodNotSupportedException: Request method 'GET' not supported
2023-08-14 15:57:15,532  ERROR  - Lỗi toàn cục: JSON parse error: Cannot deserialize value of type `java.lang.Long` from String "abc123": not a valid Long value; nested exception is com.fasterxml.jackson.databind.exc.InvalidFormatException: Cannot deserialize value of type `java.lang.Long` from String "abc123": not a valid Long value
 at [Source: (PushbackInputStream); line: 2, column: 9] (through reference chain: com.example.demo.model.Device["id"])

org.springframework.http.converter.HttpMessageNotReadableException: JSON parse error: Cannot deserialize value of type `java.lang.Long` from String "abc123": not a valid Long value; nested exception is com.fasterxml.jackson.databind.exc.InvalidFormatException: Cannot deserialize value of type `java.lang.Long` from String "abc123": not a valid Long value
 at [Source: (PushbackInputStream); line: 2, column: 9] (through reference chain: com.example.demo.model.Device["id"])
Caused by: com.fasterxml.jackson.databind.exc.InvalidFormatException: Cannot deserialize value of type `java.lang.Long` from String "abc123": not a valid Long value
 at [Source: (PushbackInputStream); line: 2, column: 9] (through reference chain: com.example.demo.model.Device["id"])
2023-08-14 16:42:13,644  ERROR  - Lỗi toàn cục: Missing request header 'Authorization' for method parameter of type String

org.springframework.web.bind.MissingRequestHeaderException: Missing request header 'Authorization' for method parameter of type String
2023-08-14 17:23:40,633  ERROR  - Lỗi toàn cục: Missing request header 'Authorization' for method parameter of type String

org.springframework.web.bind.MissingRequestHeaderException: Missing request header 'Authorization' for method parameter of type String
2023-08-14 17:24:12,664  ERROR  - Lỗi toàn cục: Missing request header 'Authorization' for method parameter of type String

org.springframework.web.bind.MissingRequestHeaderException: Missing request header 'Authorization' for method parameter of type String
2023-08-14 17:27:05,855  ERROR  - Lỗi toàn cục: Missing request header 'Authorization' for method parameter of type String

org.springframework.web.bind.MissingRequestHeaderException: Missing request header 'Authorization' for method parameter of type String
2023-08-14 17:27:43,312  ERROR  - Lỗi toàn cục: Missing request header 'Authorization' for method parameter of type String

org.springframework.web.bind.MissingRequestHeaderException: Missing request header 'Authorization' for method parameter of type String
2023-08-14 17:29:44,362  ERROR  - Lỗi toàn cục: Missing request header 'Authorization' for method parameter of type String

org.springframework.web.bind.MissingRequestHeaderException: Missing request header 'Authorization' for method parameter of type String
2023-08-14 17:30:24,033  ERROR  - Lỗi toàn cục: Missing request header 'Authorization' for method parameter of type String

org.springframework.web.bind.MissingRequestHeaderException: Missing request header 'Authorization' for method parameter of type String
2023-08-14 17:34:31,770  ERROR  - Lỗi toàn cục: Missing request header 'Authorization' for method parameter of type String

org.springframework.web.bind.MissingRequestHeaderException: Missing request header 'Authorization' for method parameter of type String
2023-08-14 17:35:30,823  ERROR  - Lỗi toàn cục: Missing request header 'Authorization' for method parameter of type String

org.springframework.web.bind.MissingRequestHeaderException: Missing request header 'Authorization' for method parameter of type String
2023-08-14 17:40:24,678  ERROR  - Lỗi toàn cục: Missing request header 'Authorization' for method parameter of type String

org.springframework.web.bind.MissingRequestHeaderException: Missing request header 'Authorization' for method parameter of type String
2023-08-14 17:41:44,532  ERROR  - Lỗi toàn cục: Missing request header 'Authorization' for method parameter of type String

org.springframework.web.bind.MissingRequestHeaderException: Missing request header 'Authorization' for method parameter of type String
2023-08-15 14:57:11,991  ERROR  - Lỗi toàn cục: JSON parse error: Cannot deserialize value of type `java.lang.Long` from String "user123": not a valid Long value; nested exception is com.fasterxml.jackson.databind.exc.InvalidFormatException: Cannot deserialize value of type `java.lang.Long` from String "user123": not a valid Long value
 at [Source: (PushbackInputStream); line: 4, column: 13] (through reference chain: com.example.demo.dto.DeviceEntType["userId"])

org.springframework.http.converter.HttpMessageNotReadableException: JSON parse error: Cannot deserialize value of type `java.lang.Long` from String "user123": not a valid Long value; nested exception is com.fasterxml.jackson.databind.exc.InvalidFormatException: Cannot deserialize value of type `java.lang.Long` from String "user123": not a valid Long value
 at [Source: (PushbackInputStream); line: 4, column: 13] (through reference chain: com.example.demo.dto.DeviceEntType["userId"])
Caused by: com.fasterxml.jackson.databind.exc.InvalidFormatException: Cannot deserialize value of type `java.lang.Long` from String "user123": not a valid Long value
 at [Source: (PushbackInputStream); line: 4, column: 13] (through reference chain: com.example.demo.dto.DeviceEntType["userId"])
2023-08-15 14:57:28,140  ERROR  - Lỗi toàn cục: JSON parse error: Cannot deserialize value of type `java.lang.Long` from String "user123": not a valid Long value; nested exception is com.fasterxml.jackson.databind.exc.InvalidFormatException: Cannot deserialize value of type `java.lang.Long` from String "user123": not a valid Long value
 at [Source: (PushbackInputStream); line: 4, column: 13] (through reference chain: com.example.demo.dto.DeviceEntType["userId"])

org.springframework.http.converter.HttpMessageNotReadableException: JSON parse error: Cannot deserialize value of type `java.lang.Long` from String "user123": not a valid Long value; nested exception is com.fasterxml.jackson.databind.exc.InvalidFormatException: Cannot deserialize value of type `java.lang.Long` from String "user123": not a valid Long value
 at [Source: (PushbackInputStream); line: 4, column: 13] (through reference chain: com.example.demo.dto.DeviceEntType["userId"])
Caused by: com.fasterxml.jackson.databind.exc.InvalidFormatException: Cannot deserialize value of type `java.lang.Long` from String "user123": not a valid Long value
 at [Source: (PushbackInputStream); line: 4, column: 13] (through reference chain: com.example.demo.dto.DeviceEntType["userId"])
2023-08-15 14:59:19,679  ERROR  - Lỗi toàn cục: JSON parse error: Cannot deserialize value of type `java.lang.Long` from String "user123": not a valid Long value; nested exception is com.fasterxml.jackson.databind.exc.InvalidFormatException: Cannot deserialize value of type `java.lang.Long` from String "user123": not a valid Long value
 at [Source: (PushbackInputStream); line: 4, column: 13] (through reference chain: com.example.demo.dto.DeviceEntType["userId"])

org.springframework.http.converter.HttpMessageNotReadableException: JSON parse error: Cannot deserialize value of type `java.lang.Long` from String "user123": not a valid Long value; nested exception is com.fasterxml.jackson.databind.exc.InvalidFormatException: Cannot deserialize value of type `java.lang.Long` from String "user123": not a valid Long value
 at [Source: (PushbackInputStream); line: 4, column: 13] (through reference chain: com.example.demo.dto.DeviceEntType["userId"])
Caused by: com.fasterxml.jackson.databind.exc.InvalidFormatException: Cannot deserialize value of type `java.lang.Long` from String "user123": not a valid Long value
 at [Source: (PushbackInputStream); line: 4, column: 13] (through reference chain: com.example.demo.dto.DeviceEntType["userId"])
2023-08-15 15:00:08,824  ERROR  - Lỗi toàn cục: JSON parse error: Cannot deserialize value of type `java.lang.Long` from String "user123": not a valid Long value; nested exception is com.fasterxml.jackson.databind.exc.InvalidFormatException: Cannot deserialize value of type `java.lang.Long` from String "user123": not a valid Long value
 at [Source: (PushbackInputStream); line: 4, column: 13] (through reference chain: com.example.demo.dto.DeviceEntType["userId"])

org.springframework.http.converter.HttpMessageNotReadableException: JSON parse error: Cannot deserialize value of type `java.lang.Long` from String "user123": not a valid Long value; nested exception is com.fasterxml.jackson.databind.exc.InvalidFormatException: Cannot deserialize value of type `java.lang.Long` from String "user123": not a valid Long value
 at [Source: (PushbackInputStream); line: 4, column: 13] (through reference chain: com.example.demo.dto.DeviceEntType["userId"])
Caused by: com.fasterxml.jackson.databind.exc.InvalidFormatException: Cannot deserialize value of type `java.lang.Long` from String "user123": not a valid Long value
 at [Source: (PushbackInputStream); line: 4, column: 13] (through reference chain: com.example.demo.dto.DeviceEntType["userId"])
2023-08-15 15:01:23,764  ERROR  - Lỗi toàn cục: JSON parse error: Cannot deserialize value of type `java.lang.Long` from String "user123": not a valid Long value; nested exception is com.fasterxml.jackson.databind.exc.InvalidFormatException: Cannot deserialize value of type `java.lang.Long` from String "user123": not a valid Long value
 at [Source: (PushbackInputStream); line: 4, column: 13] (through reference chain: com.example.demo.dto.DeviceEntType["userId"])

org.springframework.http.converter.HttpMessageNotReadableException: JSON parse error: Cannot deserialize value of type `java.lang.Long` from String "user123": not a valid Long value; nested exception is com.fasterxml.jackson.databind.exc.InvalidFormatException: Cannot deserialize value of type `java.lang.Long` from String "user123": not a valid Long value
 at [Source: (PushbackInputStream); line: 4, column: 13] (through reference chain: com.example.demo.dto.DeviceEntType["userId"])
Caused by: com.fasterxml.jackson.databind.exc.InvalidFormatException: Cannot deserialize value of type `java.lang.Long` from String "user123": not a valid Long value
 at [Source: (PushbackInputStream); line: 4, column: 13] (through reference chain: com.example.demo.dto.DeviceEntType["userId"])
